<?xml version="1.0" encoding="utf-8"?><testsuites><testsuite name="pytest" errors="1" failures="0" skipped="0" tests="1" time="0.499" timestamp="2025-07-25T16:44:25.426243-04:00" hostname="herb"><testcase classname="" name="Tests.test_righteous_architecture" time="0.000"><error message="collection failure">'architecture' not found in `markers` configuration option</error></testcase></testsuite></testsuites>